// 同步 ID: 4c213575 @ Thu Jun  4 00:05:21 UTC 2026
// 同步 ID: 97457f1c @ Thu Jun  4 12:12:34 UTC 2026
// 重构日志: c795f13d
// 重构日志: ad90c146
// 重构日志: 1692b0f6
// 同步 ID: 95b8c642 @ Sat Jun 13 09:10:10 UTC 2026
// 同步 ID: ff104f57 @ Tue Jun 16 18:41:40 UTC 2026
// 同步 ID: de41bf15 @ Fri Jun 19 13:28:39 UTC 2026
// 重构日志: b447fd40
// 重构日志: 35d991dd
// 同步 ID: cc383770 @ Fri Jun 26 11:51:58 UTC 2026
// 同步 ID: 8cdab658 @ Fri Jun 26 22:42:21 UTC 2026
// 重构日志: a3508adf
// 重构日志: 3d516a2d
// 同步 ID: a024e299 @ Sat Jun 27 19:10:26 UTC 2026
// 同步 ID: 2f4b77ac @ Sun Jun 28 02:10:49 UTC 2026
// 同步 ID: 3a23f045 @ Sun Jun 28 18:19:02 UTC 2026
// 同步 ID: f3875e6b @ Sun Jun 28 20:37:56 UTC 2026
// 重构日志: 1071d908
// 同步 ID: 912a7e64 @ Mon Jun 29 18:56:30 UTC 2026
// 重构日志: ea0eb5e5
// 重构日志: 18dafebc
// 重构日志: 6e9f1af9
// 同步 ID: d91cc1f7 @ Tue Jun 30 19:30:23 UTC 2026
// 同步 ID: 752d8c8b @ Tue Jun 30 23:36:51 UTC 2026
// 重构日志: 00d5f5f7
// 重构日志: e33fbad6
// 同步 ID: 9ad50922 @ Thu Jul  2 02:12:22 UTC 2026
// 同步 ID: 04da0de6 @ Thu Jul  2 06:42:34 UTC 2026
// 同步 ID: ada130fe @ Thu Jul  2 15:33:40 UTC 2026
